<?xml version="1.0" encoding="UTF-8"?>
<TestRun id="db181e9f-27bb-4228-a512-46cf5300d81c" name="alin-lucian.taranu@MININT-8A6IQ03 2015-02-17 20:51:28" runUser="MUC\alin-lucian.taranu" xmlns="http://microsoft.com/schemas/VisualStudio/TeamTest/2010">
  <TestSettings name="Local" id="82e27f11-db21-43f7-a08b-cf2a96a63325">
    <Description>These are default test settings for a local test run.</Description>
    <Deployment enabled="false" runDeploymentRoot="alin-lucian.taranu_MININT-8A6IQ03 2015-02-17 20_51_28" />
    <Execution>
      <TestTypeSpecific />
      <AgentRule name="Execution Agents">
      </AgentRule>
    </Execution>
  </TestSettings>
  <Times creation="2015-02-17T20:51:28.6913532+01:00" queuing="2015-02-17T20:51:28.8943735+01:00" start="2015-02-17T20:51:29.0413882+01:00" finish="2015-02-17T20:51:29.3004141+01:00" />
  <ResultSummary outcome="Failed">
    <Counters total="1" executed="1" error="0" failed="1" timeout="0" aborted="0" inconclusive="0" passedButRunAborted="0" notRunnable="0" notExecuted="0" disconnected="0" warning="0" passed="0" completed="0" inProgress="0" pending="0" />
  </ResultSummary>
  <TestDefinitions>
    <UnitTest name="TestBoardWithOnlyTwoColorsHavingOnlyOriginDifferentThanTheOthers_ShouldShouldReturnTheCorrectColorCode" storage="c:\users\alin-lucian.taranu\dropbox\projects\game\boardgame\boardgame\bin\debug\boardgame.dll" id="ac6cfcd3-7001-5b57-b838-9afa26ea99d5">
      <Execution timeOut="1800000" id="25ec10ec-5b79-433a-b8c6-1c56275f4aa2" />
      <TestMethod codeBase="C:/Users/alin-lucian.taranu/Dropbox/projects/Game/BoardGame/BoardGame/bin/Debug/BoardGame.DLL" adapterTypeName="Microsoft.VisualStudio.TestTools.TestTypes.Unit.UnitTestAdapter, Microsoft.VisualStudio.QualityTools.Tips.UnitTest.Adapter, Version=10.0.0.0, Culture=neutral, PublicKeyToken=b03f5f7f11d50a3a" className="BoardGameTest.GameTest, BoardGame, Version=1.0.0.0, Culture=neutral, PublicKeyToken=null" name="TestBoardWithOnlyTwoColorsHavingOnlyOriginDifferentThanTheOthers_ShouldShouldReturnTheCorrectColorCode" />
    </UnitTest>
  </TestDefinitions>
  <TestLists>
    <TestList name="Results Not in a List" id="8c84fa94-04c1-424b-9868-57a2d4851a1d" />
    <TestList name="All Loaded Results" id="19431567-8539-422a-85d7-44ee4e166bda" />
  </TestLists>
  <TestEntries>
    <TestEntry testId="ac6cfcd3-7001-5b57-b838-9afa26ea99d5" executionId="25ec10ec-5b79-433a-b8c6-1c56275f4aa2" testListId="8c84fa94-04c1-424b-9868-57a2d4851a1d" />
  </TestEntries>
  <Results>
    <UnitTestResult executionId="25ec10ec-5b79-433a-b8c6-1c56275f4aa2" testId="ac6cfcd3-7001-5b57-b838-9afa26ea99d5" testName="TestBoardWithOnlyTwoColorsHavingOnlyOriginDifferentThanTheOthers_ShouldShouldReturnTheCorrectColorCode" computerName="MININT-8A6IQ03" duration="00:00:00.1207050" startTime="2015-02-17T20:51:29.0753916+01:00" endTime="2015-02-17T20:51:29.2454086+01:00" testType="13cdc9d9-ddb5-4fa4-a97d-d965ccfc6d4b" outcome="Failed" testListId="8c84fa94-04c1-424b-9868-57a2d4851a1d" relativeResultsDirectory="25ec10ec-5b79-433a-b8c6-1c56275f4aa2">
      <Output>
        <ErrorInfo>
          <Message>Assert.AreEqual failed. Expected:&lt;2&gt;. Actual:&lt;0&gt;. </Message>
          <StackTrace>   at BoardGameTest.GameTest.TestBoardWithOnlyTwoColorsHavingOnlyOriginDifferentThanTheOthers_ShouldShouldReturnTheCorrectColorCode() in C:\Users\alin-lucian.taranu\Dropbox\projects\Game\BoardGame\BoardGame\GameTest.cs:line 26
</StackTrace>
        </ErrorInfo>
      </Output>
    </UnitTestResult>
  </Results>
</TestRun>