<?xml version="1.0" encoding="UTF-8"?>
<TestRun id="bc2fae98-8ca5-4a80-aa78-2cfe5dda9558" name="alin-lucian.taranu@MININT-8A6IQ03 2015-02-17 21:36:16" runUser="MUC\alin-lucian.taranu" xmlns="http://microsoft.com/schemas/VisualStudio/TeamTest/2010">
  <TestSettings name="Local" id="82e27f11-db21-43f7-a08b-cf2a96a63325">
    <Description>These are default test settings for a local test run.</Description>
    <Deployment enabled="false" runDeploymentRoot="alin-lucian.taranu_MININT-8A6IQ03 2015-02-17 21_36_16" />
    <Execution>
      <TestTypeSpecific />
      <AgentRule name="Execution Agents">
      </AgentRule>
    </Execution>
  </TestSettings>
  <Times creation="2015-02-17T21:36:16.9596372+01:00" queuing="2015-02-17T21:36:17.1605970+01:00" start="2015-02-17T21:36:17.2945702+01:00" finish="2015-02-17T21:36:17.5455200+01:00" />
  <ResultSummary outcome="Completed">
    <Counters total="1" executed="1" passed="1" error="0" failed="0" timeout="0" aborted="0" inconclusive="0" passedButRunAborted="0" notRunnable="0" notExecuted="0" disconnected="0" warning="0" completed="0" inProgress="0" pending="0" />
  </ResultSummary>
  <TestDefinitions>
    <UnitTest name="TestBoardWithThreeColors_PickColorShouldReturnTheCorrectColorCode" storage="c:\users\alin-lucian.taranu\dropbox\projects\game\boardgame\boardgame\bin\debug\boardgame.dll" id="ab7bf40d-276d-0b8b-863a-b6606b7fbaa9">
      <Execution timeOut="1800000" id="7c192914-49bd-4174-b6a3-84ba86ec56dc" />
      <TestMethod codeBase="C:/Users/alin-lucian.taranu/Dropbox/projects/Game/BoardGame/BoardGame/bin/Debug/BoardGame.DLL" adapterTypeName="Microsoft.VisualStudio.TestTools.TestTypes.Unit.UnitTestAdapter, Microsoft.VisualStudio.QualityTools.Tips.UnitTest.Adapter, Version=10.0.0.0, Culture=neutral, PublicKeyToken=b03f5f7f11d50a3a" className="BoardGameTest.GameTest, BoardGame, Version=1.0.0.0, Culture=neutral, PublicKeyToken=null" name="TestBoardWithThreeColors_PickColorShouldReturnTheCorrectColorCode" />
    </UnitTest>
  </TestDefinitions>
  <TestLists>
    <TestList name="Results Not in a List" id="8c84fa94-04c1-424b-9868-57a2d4851a1d" />
    <TestList name="All Loaded Results" id="19431567-8539-422a-85d7-44ee4e166bda" />
  </TestLists>
  <TestEntries>
    <TestEntry testId="ab7bf40d-276d-0b8b-863a-b6606b7fbaa9" executionId="7c192914-49bd-4174-b6a3-84ba86ec56dc" testListId="8c84fa94-04c1-424b-9868-57a2d4851a1d" />
  </TestEntries>
  <Results>
    <UnitTestResult executionId="7c192914-49bd-4174-b6a3-84ba86ec56dc" testId="ab7bf40d-276d-0b8b-863a-b6606b7fbaa9" testName="TestBoardWithThreeColors_PickColorShouldReturnTheCorrectColorCode" computerName="MININT-8A6IQ03" duration="00:00:00.1151801" startTime="2015-02-17T21:36:17.3305630+01:00" endTime="2015-02-17T21:36:17.4925306+01:00" testType="13cdc9d9-ddb5-4fa4-a97d-d965ccfc6d4b" outcome="Passed" testListId="8c84fa94-04c1-424b-9868-57a2d4851a1d" relativeResultsDirectory="7c192914-49bd-4174-b6a3-84ba86ec56dc">
    </UnitTestResult>
  </Results>
</TestRun>